Determining if the pthread_create exist failed with the following output:
Change Dir: /home/chip-core/1dof_leg_test/LEG_ROS/build/CMakeFiles/CMakeTmp

Run Build Command:"/usr/bin/make" "cmTC_185dd/fast"
/usr/bin/make -f CMakeFiles/cmTC_185dd.dir/build.make CMakeFiles/cmTC_185dd.dir/build
make[1]: Entering directory '/home/chip-core/1dof_leg_test/LEG_ROS/build/CMakeFiles/CMakeTmp'
Building C object CMakeFiles/cmTC_185dd.dir/CheckSymbolExists.c.o
/usr/bin/cc    -o CMakeFiles/cmTC_185dd.dir/CheckSymbolExists.c.o   -c /home/chip-core/1dof_leg_test/LEG_ROS/build/CMakeFiles/CMakeTmp/CheckSymbolExists.c
Linking C executable cmTC_185dd
/usr/bin/cmake -E cmake_link_script CMakeFiles/cmTC_185dd.dir/link.txt --verbose=1
/usr/bin/cc      -rdynamic CMakeFiles/cmTC_185dd.dir/CheckSymbolExists.c.o  -o cmTC_185dd 
CMakeFiles/cmTC_185dd.dir/CheckSymbolExists.c.o: In function `main':
CheckSymbolExists.c:(.text+0x14): undefined reference to `pthread_create'
CheckSymbolExists.c:(.text+0x18): undefined reference to `pthread_create'
collect2: error: ld returned 1 exit status
CMakeFiles/cmTC_185dd.dir/build.make:97: recipe for target 'cmTC_185dd' failed
make[1]: *** [cmTC_185dd] Error 1
make[1]: Leaving directory '/home/chip-core/1dof_leg_test/LEG_ROS/build/CMakeFiles/CMakeTmp'
Makefile:126: recipe for target 'cmTC_185dd/fast' failed
make: *** [cmTC_185dd/fast] Error 2

File /home/chip-core/1dof_leg_test/LEG_ROS/build/CMakeFiles/CMakeTmp/CheckSymbolExists.c:
/* */
#include <pthread.h>

int main(int argc, char** argv)
{
  (void)argv;
#ifndef pthread_create
  return ((int*)(&pthread_create))[argc];
#else
  (void)argc;
  return 0;
#endif
}

Determining if the function pthread_create exists in the pthreads failed with the following output:
Change Dir: /home/chip-core/1dof_leg_test/LEG_ROS/build/CMakeFiles/CMakeTmp

Run Build Command:"/usr/bin/make" "cmTC_58b01/fast"
/usr/bin/make -f CMakeFiles/cmTC_58b01.dir/build.make CMakeFiles/cmTC_58b01.dir/build
make[1]: Entering directory '/home/chip-core/1dof_leg_test/LEG_ROS/build/CMakeFiles/CMakeTmp'
Building C object CMakeFiles/cmTC_58b01.dir/CheckFunctionExists.c.o
/usr/bin/cc   -DCHECK_FUNCTION_EXISTS=pthread_create   -o CMakeFiles/cmTC_58b01.dir/CheckFunctionExists.c.o   -c /usr/share/cmake-3.10/Modules/CheckFunctionExists.c
Linking C executable cmTC_58b01
/usr/bin/cmake -E cmake_link_script CMakeFiles/cmTC_58b01.dir/link.txt --verbose=1
/usr/bin/cc  -DCHECK_FUNCTION_EXISTS=pthread_create    -rdynamic CMakeFiles/cmTC_58b01.dir/CheckFunctionExists.c.o  -o cmTC_58b01 -lpthreads 
/usr/bin/ld: cannot find -lpthreads
collect2: error: ld returned 1 exit status
CMakeFiles/cmTC_58b01.dir/build.make:97: recipe for target 'cmTC_58b01' failed
make[1]: *** [cmTC_58b01] Error 1
make[1]: Leaving directory '/home/chip-core/1dof_leg_test/LEG_ROS/build/CMakeFiles/CMakeTmp'
Makefile:126: recipe for target 'cmTC_58b01/fast' failed
make: *** [cmTC_58b01/fast] Error 2


